{"/Users/prakhar.vashishth/Pictures/rock-paper-scissor/lib/computer-player.js":{"path":"/Users/prakhar.vashishth/Pictures/rock-paper-scissor/lib/computer-player.js","s":{"1":1,"2":1,"3":1,"4":4,"5":1,"6":1,"7":2,"8":2,"9":2,"10":1},"b":{},"f":{"1":4,"2":2},"fnMap":{"1":{"name":"ComputerPlayer","line":7,"loc":{"start":{"line":7,"column":1},"end":{"line":7,"column":44}}},"2":{"name":"(anonymous_2)","line":17,"loc":{"start":{"line":17,"column":39},"end":{"line":17,"column":53}}}},"statementMap":{"1":{"start":{"line":4,"column":1},"end":{"line":4,"column":34}},"2":{"start":{"line":5,"column":1},"end":{"line":5,"column":28}},"3":{"start":{"line":7,"column":1},"end":{"line":9,"column":2}},"4":{"start":{"line":8,"column":5},"end":{"line":8,"column":48}},"5":{"start":{"line":11,"column":1},"end":{"line":11,"column":39}},"6":{"start":{"line":17,"column":1},"end":{"line":21,"column":3}},"7":{"start":{"line":18,"column":5},"end":{"line":18,"column":50}},"8":{"start":{"line":19,"column":5},"end":{"line":19,"column":83}},"9":{"start":{"line":20,"column":5},"end":{"line":20,"column":28}},"10":{"start":{"line":26,"column":1},"end":{"line":26,"column":33}}},"branchMap":{}},"/Users/prakhar.vashishth/Pictures/rock-paper-scissor/lib/player.js":{"path":"/Users/prakhar.vashishth/Pictures/rock-paper-scissor/lib/player.js","s":{"1":1,"2":2,"3":1,"4":1,"5":1},"b":{},"f":{"1":2,"2":1},"fnMap":{"1":{"name":"Player","line":1,"loc":{"start":{"line":1,"column":0},"end":{"line":1,"column":18}}},"2":{"name":"(anonymous_2)","line":9,"loc":{"start":{"line":9,"column":30},"end":{"line":9,"column":44}}}},"statementMap":{"1":{"start":{"line":1,"column":0},"end":{"line":3,"column":1}},"2":{"start":{"line":2,"column":4},"end":{"line":2,"column":25}},"3":{"start":{"line":9,"column":0},"end":{"line":11,"column":2}},"4":{"start":{"line":10,"column":4},"end":{"line":10,"column":59}},"5":{"start":{"line":17,"column":0},"end":{"line":17,"column":24}}},"branchMap":{}},"/Users/prakhar.vashishth/Pictures/rock-paper-scissor/lib/game-logic-strategy-resolver.js":{"path":"/Users/prakhar.vashishth/Pictures/rock-paper-scissor/lib/game-logic-strategy-resolver.js","s":{"1":1,"2":1,"3":1,"4":1,"5":1,"6":1,"7":1,"8":1,"9":3,"10":1,"11":2,"12":1,"13":1},"b":{"1":[1,2]},"f":{"1":1,"2":3},"fnMap":{"1":{"name":"GameLogicStrategyResolver","line":13,"loc":{"start":{"line":13,"column":0},"end":{"line":13,"column":37}}},"2":{"name":"(anonymous_2)","line":25,"loc":{"start":{"line":25,"column":46},"end":{"line":25,"column":62}}}},"statementMap":{"1":{"start":{"line":1,"column":0},"end":{"line":1,"column":86}},"2":{"start":{"line":2,"column":0},"end":{"line":2,"column":96}},"3":{"start":{"line":8,"column":0},"end":{"line":11,"column":2}},"4":{"start":{"line":13,"column":0},"end":{"line":18,"column":1}},"5":{"start":{"line":14,"column":4},"end":{"line":14,"column":25}},"6":{"start":{"line":16,"column":4},"end":{"line":16,"column":76}},"7":{"start":{"line":17,"column":4},"end":{"line":17,"column":78}},"8":{"start":{"line":25,"column":0},"end":{"line":32,"column":2}},"9":{"start":{"line":27,"column":4},"end":{"line":29,"column":5}},"10":{"start":{"line":28,"column":8},"end":{"line":28,"column":61}},"11":{"start":{"line":31,"column":4},"end":{"line":31,"column":33}},"12":{"start":{"line":38,"column":0},"end":{"line":38,"column":43}},"13":{"start":{"line":39,"column":0},"end":{"line":39,"column":45}}},"branchMap":{"1":{"line":27,"type":"if","locations":[{"start":{"line":27,"column":4},"end":{"line":27,"column":4}},{"start":{"line":27,"column":4},"end":{"line":27,"column":4}}]}}},"/Users/prakhar.vashishth/Pictures/rock-paper-scissor/lib/game-logic-strategies/game-logic-strategy.js":{"path":"/Users/prakhar.vashishth/Pictures/rock-paper-scissor/lib/game-logic-strategies/game-logic-strategy.js","s":{"1":1,"2":23,"3":23,"4":22,"5":4,"6":23,"7":4,"8":1,"9":1,"10":1,"11":12,"12":10,"13":8,"14":8,"15":8,"16":8,"17":2,"18":6,"19":2,"20":2,"21":6,"22":1},"b":{"1":[4,18],"2":[2,6],"3":[2,4]},"f":{"1":23,"2":22,"3":4,"4":1,"5":12},"fnMap":{"1":{"name":"RpsGameLogicStrategy","line":5,"loc":{"start":{"line":5,"column":1},"end":{"line":5,"column":33}}},"2":{"name":"(anonymous_2)","line":12,"loc":{"start":{"line":12,"column":30},"end":{"line":12,"column":48}}},"3":{"name":"(anonymous_3)","line":19,"loc":{"start":{"line":19,"column":37},"end":{"line":19,"column":49}}},"4":{"name":"(anonymous_4)","line":25,"loc":{"start":{"line":25,"column":44},"end":{"line":25,"column":60}}},"5":{"name":"(anonymous_5)","line":35,"loc":{"start":{"line":35,"column":41},"end":{"line":35,"column":69}}}},"statementMap":{"1":{"start":{"line":5,"column":1},"end":{"line":22,"column":1}},"2":{"start":{"line":6,"column":4},"end":{"line":10,"column":6}},"3":{"start":{"line":12,"column":4},"end":{"line":16,"column":6}},"4":{"start":{"line":13,"column":8},"end":{"line":15,"column":9}},"5":{"start":{"line":14,"column":12},"end":{"line":14,"column":56}},"6":{"start":{"line":19,"column":4},"end":{"line":21,"column":7}},"7":{"start":{"line":20,"column":8},"end":{"line":20,"column":44}},"8":{"start":{"line":25,"column":0},"end":{"line":27,"column":2}},"9":{"start":{"line":26,"column":4},"end":{"line":26,"column":40}},"10":{"start":{"line":35,"column":0},"end":{"line":54,"column":2}},"11":{"start":{"line":36,"column":4},"end":{"line":36,"column":37}},"12":{"start":{"line":37,"column":4},"end":{"line":37,"column":37}},"13":{"start":{"line":39,"column":4},"end":{"line":39,"column":45}},"14":{"start":{"line":40,"column":4},"end":{"line":40,"column":45}},"15":{"start":{"line":42,"column":4},"end":{"line":42,"column":43}},"16":{"start":{"line":44,"column":4},"end":{"line":46,"column":5}},"17":{"start":{"line":45,"column":8},"end":{"line":45,"column":18}},"18":{"start":{"line":48,"column":4},"end":{"line":51,"column":5}},"19":{"start":{"line":49,"column":8},"end":{"line":49,"column":25}},"20":{"start":{"line":50,"column":8},"end":{"line":50,"column":21}},"21":{"start":{"line":53,"column":4},"end":{"line":53,"column":26}},"22":{"start":{"line":60,"column":0},"end":{"line":60,"column":38}}},"branchMap":{"1":{"line":13,"type":"if","locations":[{"start":{"line":13,"column":8},"end":{"line":13,"column":8}},{"start":{"line":13,"column":8},"end":{"line":13,"column":8}}]},"2":{"line":44,"type":"if","locations":[{"start":{"line":44,"column":4},"end":{"line":44,"column":4}},{"start":{"line":44,"column":4},"end":{"line":44,"column":4}}]},"3":{"line":48,"type":"if","locations":[{"start":{"line":48,"column":4},"end":{"line":48,"column":4}},{"start":{"line":48,"column":4},"end":{"line":48,"column":4}}]}}},"/Users/prakhar.vashishth/Pictures/rock-paper-scissor/lib/game-logic-strategies/extended-game-logic-strategy.js":{"path":"/Users/prakhar.vashishth/Pictures/rock-paper-scissor/lib/game-logic-strategies/extended-game-logic-strategy.js","s":{"1":1,"2":1,"3":1,"4":1,"5":13,"6":1,"7":1,"8":4,"9":2,"10":2,"11":1,"12":1,"13":1,"14":3,"15":3,"16":2,"17":1,"18":1,"19":1,"20":1},"b":{"1":[2,2],"2":[4,3,2],"3":[1,1],"4":[2,1]},"f":{"1":13,"2":4},"fnMap":{"1":{"name":"ExtendedRpsGameLogicStrategy","line":9,"loc":{"start":{"line":9,"column":1},"end":{"line":9,"column":41}}},"2":{"name":"(anonymous_2)","line":26,"loc":{"start":{"line":26,"column":53},"end":{"line":26,"column":69}}}},"statementMap":{"1":{"start":{"line":5,"column":1},"end":{"line":5,"column":58}},"2":{"start":{"line":6,"column":1},"end":{"line":6,"column":28}},"3":{"start":{"line":7,"column":1},"end":{"line":7,"column":36}},"4":{"start":{"line":9,"column":1},"end":{"line":12,"column":2}},"5":{"start":{"line":11,"column":5},"end":{"line":11,"column":34}},"6":{"start":{"line":14,"column":1},"end":{"line":14,"column":64}},"7":{"start":{"line":26,"column":1},"end":{"line":49,"column":3}},"8":{"start":{"line":28,"column":5},"end":{"line":30,"column":6}},"9":{"start":{"line":29,"column":9},"end":{"line":29,"column":76}},"10":{"start":{"line":32,"column":5},"end":{"line":34,"column":6}},"11":{"start":{"line":33,"column":9},"end":{"line":33,"column":69}},"12":{"start":{"line":36,"column":5},"end":{"line":36,"column":32}},"13":{"start":{"line":38,"column":5},"end":{"line":45,"column":6}},"14":{"start":{"line":39,"column":9},"end":{"line":39,"column":53}},"15":{"start":{"line":40,"column":9},"end":{"line":44,"column":10}},"16":{"start":{"line":41,"column":13},"end":{"line":41,"column":57}},"17":{"start":{"line":43,"column":13},"end":{"line":43,"column":54}},"18":{"start":{"line":47,"column":5},"end":{"line":47,"column":63}},"19":{"start":{"line":48,"column":5},"end":{"line":48,"column":63}},"20":{"start":{"line":63,"column":1},"end":{"line":63,"column":47}}},"branchMap":{"1":{"line":28,"type":"if","locations":[{"start":{"line":28,"column":5},"end":{"line":28,"column":5}},{"start":{"line":28,"column":5},"end":{"line":28,"column":5}}]},"2":{"line":28,"type":"binary-expr","locations":[{"start":{"line":28,"column":9},"end":{"line":28,"column":48}},{"start":{"line":28,"column":52},"end":{"line":28,"column":91}},{"start":{"line":28,"column":95},"end":{"line":28,"column":148}}]},"3":{"line":32,"type":"if","locations":[{"start":{"line":32,"column":5},"end":{"line":32,"column":5}},{"start":{"line":32,"column":5},"end":{"line":32,"column":5}}]},"4":{"line":40,"type":"if","locations":[{"start":{"line":40,"column":9},"end":{"line":40,"column":9}},{"start":{"line":40,"column":9},"end":{"line":40,"column":9}}]}}},"/Users/prakhar.vashishth/Pictures/rock-paper-scissor/lib/helper.js":{"path":"/Users/prakhar.vashishth/Pictures/rock-paper-scissor/lib/helper.js","s":{"1":1,"2":16,"3":4,"4":12,"5":1},"b":{"1":[4,12],"2":[16,16]},"f":{"1":16},"fnMap":{"1":{"name":"isNullOrWhitespace","line":6,"loc":{"start":{"line":6,"column":1},"end":{"line":6,"column":36}}}},"statementMap":{"1":{"start":{"line":6,"column":1},"end":{"line":9,"column":1}},"2":{"start":{"line":7,"column":4},"end":{"line":7,"column":68}},"3":{"start":{"line":7,"column":56},"end":{"line":7,"column":68}},"4":{"start":{"line":8,"column":4},"end":{"line":8,"column":47}},"5":{"start":{"line":12,"column":0},"end":{"line":14,"column":2}}},"branchMap":{"1":{"line":7,"type":"if","locations":[{"start":{"line":7,"column":4},"end":{"line":7,"column":4}},{"start":{"line":7,"column":4},"end":{"line":7,"column":4}}]},"2":{"line":7,"type":"binary-expr","locations":[{"start":{"line":7,"column":8},"end":{"line":7,"column":36}},{"start":{"line":7,"column":40},"end":{"line":7,"column":54}}]}}},"/Users/prakhar.vashishth/Pictures/rock-paper-scissor/lib/game.js":{"path":"/Users/prakhar.vashishth/Pictures/rock-paper-scissor/lib/game.js","s":{"1":1,"2":1,"3":10,"4":10,"5":10,"6":10,"7":3,"8":3,"9":6,"10":3,"11":3,"12":3,"13":3,"14":1,"15":2,"16":2,"17":1,"18":1,"19":1,"20":1,"21":2,"22":3,"23":1,"24":12,"25":12,"26":6,"27":6,"28":6,"29":5,"30":5,"31":1,"32":1,"33":6,"34":3,"35":3,"36":3,"37":6,"38":6,"39":6,"40":3,"41":1,"42":1,"43":1,"44":1},"b":{"1":[1,2],"2":[1,1],"3":[6,6],"4":[5,1],"5":[3,3],"6":[3,3]},"f":{"1":10,"2":3,"3":6,"4":12,"5":6,"6":6,"7":6,"8":1},"fnMap":{"1":{"name":"Game","line":10,"loc":{"start":{"line":10,"column":0},"end":{"line":10,"column":48}}},"2":{"name":"(anonymous_2)","line":15,"loc":{"start":{"line":15,"column":24},"end":{"line":15,"column":53}}},"3":{"name":"(anonymous_3)","line":18,"loc":{"start":{"line":18,"column":30},"end":{"line":18,"column":59}}},"4":{"name":"(anonymous_4)","line":51,"loc":{"start":{"line":51,"column":27},"end":{"line":51,"column":49}}},"5":{"name":"(anonymous_5)","line":69,"loc":{"start":{"line":69,"column":22},"end":{"line":69,"column":36}}},"6":{"name":"(anonymous_6)","line":75,"loc":{"start":{"line":75,"column":25},"end":{"line":75,"column":46}}},"7":{"name":"(anonymous_7)","line":76,"loc":{"start":{"line":76,"column":26},"end":{"line":76,"column":49}}},"8":{"name":"(anonymous_8)","line":93,"loc":{"start":{"line":93,"column":23},"end":{"line":93,"column":35}}}},"statementMap":{"1":{"start":{"line":5,"column":1},"end":{"line":8,"column":2}},"2":{"start":{"line":10,"column":0},"end":{"line":45,"column":1}},"3":{"start":{"line":11,"column":4},"end":{"line":11,"column":39}},"4":{"start":{"line":12,"column":4},"end":{"line":12,"column":47}},"5":{"start":{"line":13,"column":4},"end":{"line":13,"column":22}},"6":{"start":{"line":15,"column":4},"end":{"line":44,"column":6}},"7":{"start":{"line":16,"column":8},"end":{"line":16,"column":25}},"8":{"start":{"line":18,"column":8},"end":{"line":41,"column":22}},"9":{"start":{"line":19,"column":12},"end":{"line":40,"column":13}},"10":{"start":{"line":20,"column":16},"end":{"line":20,"column":43}},"11":{"start":{"line":21,"column":16},"end":{"line":21,"column":47}},"12":{"start":{"line":23,"column":16},"end":{"line":23,"column":99}},"13":{"start":{"line":25,"column":16},"end":{"line":39,"column":17}},"14":{"start":{"line":26,"column":20},"end":{"line":26,"column":77}},"15":{"start":{"line":29,"column":20},"end":{"line":29,"column":38}},"16":{"start":{"line":30,"column":20},"end":{"line":36,"column":21}},"17":{"start":{"line":31,"column":24},"end":{"line":31,"column":41}},"18":{"start":{"line":32,"column":24},"end":{"line":32,"column":40}},"19":{"start":{"line":34,"column":24},"end":{"line":34,"column":41}},"20":{"start":{"line":35,"column":24},"end":{"line":35,"column":40}},"21":{"start":{"line":38,"column":20},"end":{"line":38,"column":78}},"22":{"start":{"line":43,"column":8},"end":{"line":43,"column":26}},"23":{"start":{"line":51,"column":0},"end":{"line":63,"column":2}},"24":{"start":{"line":52,"column":4},"end":{"line":52,"column":15}},"25":{"start":{"line":53,"column":4},"end":{"line":62,"column":5}},"26":{"start":{"line":54,"column":8},"end":{"line":54,"column":99}},"27":{"start":{"line":55,"column":8},"end":{"line":55,"column":34}},"28":{"start":{"line":56,"column":11},"end":{"line":62,"column":5}},"29":{"start":{"line":57,"column":8},"end":{"line":57,"column":61}},"30":{"start":{"line":58,"column":8},"end":{"line":58,"column":34}},"31":{"start":{"line":61,"column":8},"end":{"line":61,"column":61}},"32":{"start":{"line":69,"column":0},"end":{"line":87,"column":2}},"33":{"start":{"line":70,"column":4},"end":{"line":72,"column":5}},"34":{"start":{"line":71,"column":8},"end":{"line":71,"column":88}},"35":{"start":{"line":74,"column":4},"end":{"line":74,"column":27}},"36":{"start":{"line":75,"column":4},"end":{"line":86,"column":18}},"37":{"start":{"line":76,"column":8},"end":{"line":85,"column":22}},"38":{"start":{"line":77,"column":12},"end":{"line":80,"column":15}},"39":{"start":{"line":82,"column":12},"end":{"line":84,"column":13}},"40":{"start":{"line":83,"column":16},"end":{"line":83,"column":53}},"41":{"start":{"line":93,"column":0},"end":{"line":95,"column":2}},"42":{"start":{"line":94,"column":4},"end":{"line":94,"column":22}},"43":{"start":{"line":100,"column":0},"end":{"line":100,"column":22}},"44":{"start":{"line":101,"column":0},"end":{"line":101,"column":39}}},"branchMap":{"1":{"line":25,"type":"if","locations":[{"start":{"line":25,"column":16},"end":{"line":25,"column":16}},{"start":{"line":25,"column":16},"end":{"line":25,"column":16}}]},"2":{"line":30,"type":"if","locations":[{"start":{"line":30,"column":20},"end":{"line":30,"column":20}},{"start":{"line":30,"column":20},"end":{"line":30,"column":20}}]},"3":{"line":53,"type":"if","locations":[{"start":{"line":53,"column":4},"end":{"line":53,"column":4}},{"start":{"line":53,"column":4},"end":{"line":53,"column":4}}]},"4":{"line":56,"type":"if","locations":[{"start":{"line":56,"column":11},"end":{"line":56,"column":11}},{"start":{"line":56,"column":11},"end":{"line":56,"column":11}}]},"5":{"line":70,"type":"if","locations":[{"start":{"line":70,"column":4},"end":{"line":70,"column":4}},{"start":{"line":70,"column":4},"end":{"line":70,"column":4}}]},"6":{"line":82,"type":"if","locations":[{"start":{"line":82,"column":12},"end":{"line":82,"column":12}},{"start":{"line":82,"column":12},"end":{"line":82,"column":12}}]}}},"/Users/prakhar.vashishth/Pictures/rock-paper-scissor/lib/player-factory.js":{"path":"/Users/prakhar.vashishth/Pictures/rock-paper-scissor/lib/player-factory.js","s":{"1":1,"2":1,"3":1,"4":1,"5":4,"6":4,"7":1,"8":2,"9":1,"10":1,"11":1,"12":1,"13":1,"14":2,"15":1,"16":1,"17":1,"18":1,"19":1},"b":{"1":[1,1],"2":[1,1]},"f":{"1":4,"2":2,"3":2},"fnMap":{"1":{"name":"PlayerFactory","line":5,"loc":{"start":{"line":5,"column":0},"end":{"line":5,"column":65}}},"2":{"name":"(anonymous_2)","line":14,"loc":{"start":{"line":14,"column":47},"end":{"line":14,"column":63}}},"3":{"name":"(anonymous_3)","line":28,"loc":{"start":{"line":28,"column":43},"end":{"line":28,"column":59}}}},"statementMap":{"1":{"start":{"line":1,"column":0},"end":{"line":1,"column":47}},"2":{"start":{"line":2,"column":0},"end":{"line":2,"column":55}},"3":{"start":{"line":3,"column":0},"end":{"line":3,"column":34}},"4":{"start":{"line":5,"column":0},"end":{"line":8,"column":1}},"5":{"start":{"line":6,"column":4},"end":{"line":6,"column":44}},"6":{"start":{"line":7,"column":4},"end":{"line":7,"column":61}},"7":{"start":{"line":14,"column":0},"end":{"line":22,"column":2}},"8":{"start":{"line":15,"column":4},"end":{"line":17,"column":5}},"9":{"start":{"line":16,"column":8},"end":{"line":16,"column":48}},"10":{"start":{"line":19,"column":4},"end":{"line":19,"column":60}},"11":{"start":{"line":20,"column":4},"end":{"line":20,"column":23}},"12":{"start":{"line":21,"column":4},"end":{"line":21,"column":18}},"13":{"start":{"line":28,"column":0},"end":{"line":36,"column":2}},"14":{"start":{"line":29,"column":4},"end":{"line":31,"column":5}},"15":{"start":{"line":30,"column":8},"end":{"line":30,"column":48}},"16":{"start":{"line":33,"column":4},"end":{"line":33,"column":63}},"17":{"start":{"line":34,"column":4},"end":{"line":34,"column":23}},"18":{"start":{"line":35,"column":4},"end":{"line":35,"column":18}},"19":{"start":{"line":41,"column":0},"end":{"line":41,"column":31}}},"branchMap":{"1":{"line":15,"type":"if","locations":[{"start":{"line":15,"column":4},"end":{"line":15,"column":4}},{"start":{"line":15,"column":4},"end":{"line":15,"column":4}}]},"2":{"line":29,"type":"if","locations":[{"start":{"line":29,"column":4},"end":{"line":29,"column":4}},{"start":{"line":29,"column":4},"end":{"line":29,"column":4}}]}}},"/Users/prakhar.vashishth/Pictures/rock-paper-scissor/lib/user-player.js":{"path":"/Users/prakhar.vashishth/Pictures/rock-paper-scissor/lib/user-player.js","s":{"1":1,"2":1,"3":1,"4":4,"5":1,"6":1,"7":2,"8":2,"9":1,"10":1,"11":1,"12":1},"b":{"1":[1,1]},"f":{"1":4,"2":2,"3":2},"fnMap":{"1":{"name":"UserPlayer","line":10,"loc":{"start":{"line":10,"column":1},"end":{"line":10,"column":47}}},"2":{"name":"(anonymous_2)","line":20,"loc":{"start":{"line":20,"column":35},"end":{"line":20,"column":49}}},"3":{"name":"(anonymous_3)","line":21,"loc":{"start":{"line":21,"column":44},"end":{"line":21,"column":66}}}},"statementMap":{"1":{"start":{"line":7,"column":1},"end":{"line":7,"column":34}},"2":{"start":{"line":8,"column":1},"end":{"line":8,"column":28}},"3":{"start":{"line":10,"column":1},"end":{"line":12,"column":2}},"4":{"start":{"line":11,"column":5},"end":{"line":11,"column":62}},"5":{"start":{"line":14,"column":1},"end":{"line":14,"column":35}},"6":{"start":{"line":20,"column":1},"end":{"line":29,"column":3}},"7":{"start":{"line":21,"column":5},"end":{"line":27,"column":8}},"8":{"start":{"line":22,"column":9},"end":{"line":24,"column":10}},"9":{"start":{"line":23,"column":13},"end":{"line":23,"column":28}},"10":{"start":{"line":25,"column":9},"end":{"line":25,"column":62}},"11":{"start":{"line":26,"column":9},"end":{"line":26,"column":25}},"12":{"start":{"line":35,"column":1},"end":{"line":35,"column":29}}},"branchMap":{"1":{"line":22,"type":"if","locations":[{"start":{"line":22,"column":9},"end":{"line":22,"column":9}},{"start":{"line":22,"column":9},"end":{"line":22,"column":9}}]}}},"/Users/prakhar.vashishth/Pictures/rock-paper-scissor/lib/console-user-weapon-choice-provider.js":{"path":"/Users/prakhar.vashishth/Pictures/rock-paper-scissor/lib/console-user-weapon-choice-provider.js","s":{"1":1,"2":1,"3":1,"4":1,"5":7,"6":1,"7":7,"8":7,"9":21,"10":7,"11":7,"12":6,"13":6,"14":4,"15":2,"16":2,"17":1,"18":1,"19":1},"b":{"1":[6,1],"2":[4,2],"3":[6,4]},"f":{"1":7,"2":7,"3":7},"fnMap":{"1":{"name":"UserWeaponChoiceProvider","line":14,"loc":{"start":{"line":14,"column":1},"end":{"line":14,"column":54}}},"2":{"name":"(anonymous_2)","line":22,"loc":{"start":{"line":22,"column":47},"end":{"line":22,"column":61}}},"3":{"name":"(anonymous_3)","line":29,"loc":{"start":{"line":29,"column":69},"end":{"line":29,"column":87}}}},"statementMap":{"1":{"start":{"line":5,"column":1},"end":{"line":5,"column":36}},"2":{"start":{"line":6,"column":1},"end":{"line":6,"column":28}},"3":{"start":{"line":8,"column":1},"end":{"line":12,"column":4}},"4":{"start":{"line":14,"column":1},"end":{"line":16,"column":2}},"5":{"start":{"line":15,"column":5},"end":{"line":15,"column":48}},"6":{"start":{"line":22,"column":1},"end":{"line":43,"column":3}},"7":{"start":{"line":24,"column":5},"end":{"line":24,"column":16}},"8":{"start":{"line":25,"column":5},"end":{"line":27,"column":6}},"9":{"start":{"line":26,"column":9},"end":{"line":26,"column":77}},"10":{"start":{"line":29,"column":5},"end":{"line":42,"column":19}},"11":{"start":{"line":30,"column":9},"end":{"line":41,"column":10}},"12":{"start":{"line":31,"column":13},"end":{"line":31,"column":65}},"13":{"start":{"line":32,"column":13},"end":{"line":37,"column":14}},"14":{"start":{"line":33,"column":17},"end":{"line":33,"column":34}},"15":{"start":{"line":35,"column":17},"end":{"line":35,"column":94}},"16":{"start":{"line":36,"column":17},"end":{"line":36,"column":35}},"17":{"start":{"line":39,"column":13},"end":{"line":39,"column":90}},"18":{"start":{"line":40,"column":13},"end":{"line":40,"column":31}},"19":{"start":{"line":49,"column":1},"end":{"line":49,"column":43}}},"branchMap":{"1":{"line":30,"type":"if","locations":[{"start":{"line":30,"column":9},"end":{"line":30,"column":9}},{"start":{"line":30,"column":9},"end":{"line":30,"column":9}}]},"2":{"line":32,"type":"if","locations":[{"start":{"line":32,"column":13},"end":{"line":32,"column":13}},{"start":{"line":32,"column":13},"end":{"line":32,"column":13}}]},"3":{"line":32,"type":"binary-expr","locations":[{"start":{"line":32,"column":17},"end":{"line":32,"column":64}},{"start":{"line":32,"column":68},"end":{"line":32,"column":74}}]}}}}