TN:
SF:/Users/prakhar.vashishth/Pictures/rock-paper-scissor/lib/computer-player.js
FN:7,ComputerPlayer
FN:17,(anonymous_2)
FNF:2
FNH:2
FNDA:4,ComputerPlayer
FNDA:2,(anonymous_2)
DA:4,1
DA:5,1
DA:7,1
DA:8,4
DA:11,1
DA:17,1
DA:18,2
DA:19,2
DA:20,2
DA:26,1
LF:10
LH:10
BRF:0
BRH:0
end_of_record
TN:
SF:/Users/prakhar.vashishth/Pictures/rock-paper-scissor/lib/player.js
FN:1,Player
FN:9,(anonymous_2)
FNF:2
FNH:2
FNDA:2,Player
FNDA:1,(anonymous_2)
DA:1,1
DA:2,2
DA:9,1
DA:10,1
DA:17,1
LF:5
LH:5
BRF:0
BRH:0
end_of_record
TN:
SF:/Users/prakhar.vashishth/Pictures/rock-paper-scissor/lib/game-logic-strategy-resolver.js
FN:13,GameLogicStrategyResolver
FN:25,(anonymous_2)
FNF:2
FNH:2
FNDA:1,GameLogicStrategyResolver
FNDA:3,(anonymous_2)
DA:1,1
DA:2,1
DA:8,1
DA:13,1
DA:14,1
DA:16,1
DA:17,1
DA:25,1
DA:27,3
DA:28,1
DA:31,2
DA:38,1
DA:39,1
LF:13
LH:13
BRDA:27,1,0,1
BRDA:27,1,1,2
BRF:2
BRH:2
end_of_record
TN:
SF:/Users/prakhar.vashishth/Pictures/rock-paper-scissor/lib/game-logic-strategies/game-logic-strategy.js
FN:5,RpsGameLogicStrategy
FN:12,(anonymous_2)
FN:19,(anonymous_3)
FN:25,(anonymous_4)
FN:35,(anonymous_5)
FNF:5
FNH:5
FNDA:23,RpsGameLogicStrategy
FNDA:22,(anonymous_2)
FNDA:4,(anonymous_3)
FNDA:1,(anonymous_4)
FNDA:12,(anonymous_5)
DA:5,1
DA:6,23
DA:12,23
DA:13,22
DA:14,4
DA:19,23
DA:20,4
DA:25,1
DA:26,1
DA:35,1
DA:36,12
DA:37,10
DA:39,8
DA:40,8
DA:42,8
DA:44,8
DA:45,2
DA:48,6
DA:49,2
DA:50,2
DA:53,6
DA:60,1
LF:22
LH:22
BRDA:13,1,0,4
BRDA:13,1,1,18
BRDA:44,2,0,2
BRDA:44,2,1,6
BRDA:48,3,0,2
BRDA:48,3,1,4
BRF:6
BRH:6
end_of_record
TN:
SF:/Users/prakhar.vashishth/Pictures/rock-paper-scissor/lib/game-logic-strategies/extended-game-logic-strategy.js
FN:9,ExtendedRpsGameLogicStrategy
FN:26,(anonymous_2)
FNF:2
FNH:2
FNDA:13,ExtendedRpsGameLogicStrategy
FNDA:4,(anonymous_2)
DA:5,1
DA:6,1
DA:7,1
DA:9,1
DA:11,13
DA:14,1
DA:26,1
DA:28,4
DA:29,2
DA:32,2
DA:33,1
DA:36,1
DA:38,1
DA:39,3
DA:40,3
DA:41,2
DA:43,1
DA:47,1
DA:48,1
DA:63,1
LF:20
LH:20
BRDA:28,1,0,2
BRDA:28,1,1,2
BRDA:28,2,0,4
BRDA:28,2,1,3
BRDA:28,2,2,2
BRDA:32,3,0,1
BRDA:32,3,1,1
BRDA:40,4,0,2
BRDA:40,4,1,1
BRF:9
BRH:9
end_of_record
TN:
SF:/Users/prakhar.vashishth/Pictures/rock-paper-scissor/lib/helper.js
FN:6,isNullOrWhitespace
FNF:1
FNH:1
FNDA:16,isNullOrWhitespace
DA:6,1
DA:7,16
DA:8,12
DA:12,1
LF:4
LH:4
BRDA:7,1,0,4
BRDA:7,1,1,12
BRDA:7,2,0,16
BRDA:7,2,1,16
BRF:4
BRH:4
end_of_record
TN:
SF:/Users/prakhar.vashishth/Pictures/rock-paper-scissor/lib/game.js
FN:10,Game
FN:15,(anonymous_2)
FN:18,(anonymous_3)
FN:51,(anonymous_4)
FN:69,(anonymous_5)
FN:75,(anonymous_6)
FN:76,(anonymous_7)
FN:93,(anonymous_8)
FNF:8
FNH:8
FNDA:10,Game
FNDA:3,(anonymous_2)
FNDA:6,(anonymous_3)
FNDA:12,(anonymous_4)
FNDA:6,(anonymous_5)
FNDA:6,(anonymous_6)
FNDA:6,(anonymous_7)
FNDA:1,(anonymous_8)
DA:5,1
DA:10,1
DA:11,10
DA:12,10
DA:13,10
DA:15,10
DA:16,3
DA:18,3
DA:19,6
DA:20,3
DA:21,3
DA:23,3
DA:25,3
DA:26,1
DA:29,2
DA:30,2
DA:31,1
DA:32,1
DA:34,1
DA:35,1
DA:38,2
DA:43,3
DA:51,1
DA:52,12
DA:53,12
DA:54,6
DA:55,6
DA:56,6
DA:57,5
DA:58,5
DA:61,1
DA:69,1
DA:70,6
DA:71,3
DA:74,3
DA:75,3
DA:76,6
DA:77,6
DA:82,6
DA:83,3
DA:93,1
DA:94,1
DA:100,1
DA:101,1
LF:44
LH:44
BRDA:25,1,0,1
BRDA:25,1,1,2
BRDA:30,2,0,1
BRDA:30,2,1,1
BRDA:53,3,0,6
BRDA:53,3,1,6
BRDA:56,4,0,5
BRDA:56,4,1,1
BRDA:70,5,0,3
BRDA:70,5,1,3
BRDA:82,6,0,3
BRDA:82,6,1,3
BRF:12
BRH:12
end_of_record
TN:
SF:/Users/prakhar.vashishth/Pictures/rock-paper-scissor/lib/player-factory.js
FN:5,PlayerFactory
FN:14,(anonymous_2)
FN:28,(anonymous_3)
FNF:3
FNH:3
FNDA:4,PlayerFactory
FNDA:2,(anonymous_2)
FNDA:2,(anonymous_3)
DA:1,1
DA:2,1
DA:3,1
DA:5,1
DA:6,4
DA:7,4
DA:14,1
DA:15,2
DA:16,1
DA:19,1
DA:20,1
DA:21,1
DA:28,1
DA:29,2
DA:30,1
DA:33,1
DA:34,1
DA:35,1
DA:41,1
LF:19
LH:19
BRDA:15,1,0,1
BRDA:15,1,1,1
BRDA:29,2,0,1
BRDA:29,2,1,1
BRF:4
BRH:4
end_of_record
TN:
SF:/Users/prakhar.vashishth/Pictures/rock-paper-scissor/lib/user-player.js
FN:10,UserPlayer
FN:20,(anonymous_2)
FN:21,(anonymous_3)
FNF:3
FNH:3
FNDA:4,UserPlayer
FNDA:2,(anonymous_2)
FNDA:2,(anonymous_3)
DA:7,1
DA:8,1
DA:10,1
DA:11,4
DA:14,1
DA:20,1
DA:21,2
DA:22,2
DA:23,1
DA:25,1
DA:26,1
DA:35,1
LF:12
LH:12
BRDA:22,1,0,1
BRDA:22,1,1,1
BRF:2
BRH:2
end_of_record
TN:
SF:/Users/prakhar.vashishth/Pictures/rock-paper-scissor/lib/console-user-weapon-choice-provider.js
FN:14,UserWeaponChoiceProvider
FN:22,(anonymous_2)
FN:29,(anonymous_3)
FNF:3
FNH:3
FNDA:7,UserWeaponChoiceProvider
FNDA:7,(anonymous_2)
FNDA:7,(anonymous_3)
DA:5,1
DA:6,1
DA:8,1
DA:14,1
DA:15,7
DA:22,1
DA:24,7
DA:25,7
DA:26,21
DA:29,7
DA:30,7
DA:31,6
DA:32,6
DA:33,4
DA:35,2
DA:36,2
DA:39,1
DA:40,1
DA:49,1
LF:19
LH:19
BRDA:30,1,0,6
BRDA:30,1,1,1
BRDA:32,2,0,4
BRDA:32,2,1,2
BRDA:32,3,0,6
BRDA:32,3,1,4
BRF:6
BRH:6
end_of_record
